<?xml version="1.0" encoding="UTF-8"?>
<testng-results total="4" passed="4" failed="0" skipped="0">
  <reporter-output>
  </reporter-output>
  <suite started-at="2026-01-29T07:33:16Z" name="XML_SUITE_CONFIRMED" finished-at="2026-01-29T07:34:16Z" duration-ms="59653">
    <groups>
    </groups>
    <test started-at="2026-01-29T07:33:16Z" name="Test Cases for Buildout" finished-at="2026-01-29T07:34:16Z" duration-ms="59653">
      <class name="demo.TestCases">
        <test-method is-config="true" signature="startBrowser()[pri:0, instance:demo.TestCases@42e3ede4]" started-at="2026-01-29T13:03:16Z" name="startBrowser" finished-at="2026-01-29T13:03:20Z" duration-ms="3467" status="PASS">
          <reporter-output>
          </reporter-output>
        </test-method> <!-- startBrowser -->
        <test-method is-config="true" signature="navigateToYouTube()[pri:0, instance:demo.TestCases@42e3ede4]" started-at="2026-01-29T13:03:20Z" name="navigateToYouTube" finished-at="2026-01-29T13:03:25Z" duration-ms="5278" status="PASS">
          <reporter-output>
          </reporter-output>
        </test-method> <!-- navigateToYouTube -->
        <test-method signature="testCase01()[pri:0, instance:demo.TestCases@42e3ede4]" started-at="2026-01-29T13:03:25Z" name="testCase01" finished-at="2026-01-29T13:03:31Z" duration-ms="5967" status="PASS">
          <reporter-output>
          </reporter-output>
        </test-method> <!-- testCase01 -->
        <test-method is-config="true" signature="navigateToYouTube()[pri:0, instance:demo.TestCases@42e3ede4]" started-at="2026-01-29T13:03:31Z" name="navigateToYouTube" finished-at="2026-01-29T13:03:33Z" duration-ms="2280" status="PASS">
          <reporter-output>
          </reporter-output>
        </test-method> <!-- navigateToYouTube -->
        <test-method signature="testCase02()[pri:0, instance:demo.TestCases@42e3ede4]" started-at="2026-01-29T13:03:33Z" name="testCase02" finished-at="2026-01-29T13:03:41Z" duration-ms="8053" status="PASS">
          <reporter-output>
          </reporter-output>
        </test-method> <!-- testCase02 -->
        <test-method is-config="true" signature="navigateToYouTube()[pri:0, instance:demo.TestCases@42e3ede4]" started-at="2026-01-29T13:03:41Z" name="navigateToYouTube" finished-at="2026-01-29T13:03:44Z" duration-ms="3265" status="PASS">
          <reporter-output>
          </reporter-output>
        </test-method> <!-- navigateToYouTube -->
        <test-method signature="testCase03()[pri:0, instance:demo.TestCases@42e3ede4]" started-at="2026-01-29T13:03:44Z" name="testCase03" finished-at="2026-01-29T13:03:50Z" duration-ms="5273" status="PASS">
          <reporter-output>
          </reporter-output>
        </test-method> <!-- testCase03 -->
        <test-method is-config="true" signature="navigateToYouTube()[pri:0, instance:demo.TestCases@42e3ede4]" started-at="2026-01-29T13:03:50Z" name="navigateToYouTube" finished-at="2026-01-29T13:03:51Z" duration-ms="1199" status="PASS">
          <reporter-output>
          </reporter-output>
        </test-method> <!-- navigateToYouTube -->
        <test-method signature="testCase04()[pri:0, instance:demo.TestCases@42e3ede4]" started-at="2026-01-29T13:03:51Z" name="testCase04" finished-at="2026-01-29T13:04:15Z" duration-ms="24202" status="PASS">
          <reporter-output>
          </reporter-output>
        </test-method> <!-- testCase04 -->
        <test-method is-config="true" signature="endTest()[pri:0, instance:demo.TestCases@42e3ede4]" started-at="2026-01-29T13:04:15Z" name="endTest" finished-at="2026-01-29T13:04:16Z" duration-ms="643" status="PASS">
          <reporter-output>
          </reporter-output>
        </test-method> <!-- endTest -->
      </class> <!-- demo.TestCases -->
    </test> <!-- Test Cases for Buildout -->
  </suite> <!-- XML_SUITE_CONFIRMED -->
</testng-results>
