<?xml version="1.0" encoding="UTF-8"?>
<testng-results total="4" passed="4" failed="0" skipped="0">
  <reporter-output>
  </reporter-output>
  <suite started-at="2026-01-28T14:15:16Z" name="XML_SUITE_CONFIRMED" finished-at="2026-01-28T14:16:04Z" duration-ms="47353">
    <groups>
    </groups>
    <test started-at="2026-01-28T14:15:16Z" name="Test Cases for Buildout" finished-at="2026-01-28T14:16:04Z" duration-ms="47353">
      <class name="demo.TestCases">
        <test-method is-config="true" signature="startBrowser()[pri:0, instance:demo.TestCases@42e3ede4]" started-at="2026-01-28T19:45:16Z" name="startBrowser" finished-at="2026-01-28T19:45:18Z" duration-ms="2175" status="PASS">
          <reporter-output>
          </reporter-output>
        </test-method> <!-- startBrowser -->
        <test-method is-config="true" signature="navigateToYouTube()[pri:0, instance:demo.TestCases@42e3ede4]" started-at="2026-01-28T19:45:18Z" name="navigateToYouTube" finished-at="2026-01-28T19:45:24Z" duration-ms="6074" status="PASS">
          <reporter-output>
          </reporter-output>
        </test-method> <!-- navigateToYouTube -->
        <test-method signature="testCase01()[pri:0, instance:demo.TestCases@42e3ede4]" started-at="2026-01-28T19:45:24Z" name="testCase01" finished-at="2026-01-28T19:45:29Z" duration-ms="4595" status="PASS">
          <reporter-output>
          </reporter-output>
        </test-method> <!-- testCase01 -->
        <test-method is-config="true" signature="navigateToYouTube()[pri:0, instance:demo.TestCases@42e3ede4]" started-at="2026-01-28T19:45:29Z" name="navigateToYouTube" finished-at="2026-01-28T19:45:31Z" duration-ms="2167" status="PASS">
          <reporter-output>
          </reporter-output>
        </test-method> <!-- navigateToYouTube -->
        <test-method signature="testCase02()[pri:0, instance:demo.TestCases@42e3ede4]" started-at="2026-01-28T19:45:31Z" name="testCase02" finished-at="2026-01-28T19:45:39Z" duration-ms="7738" status="PASS">
          <reporter-output>
          </reporter-output>
        </test-method> <!-- testCase02 -->
        <test-method is-config="true" signature="navigateToYouTube()[pri:0, instance:demo.TestCases@42e3ede4]" started-at="2026-01-28T19:45:39Z" name="navigateToYouTube" finished-at="2026-01-28T19:45:42Z" duration-ms="3553" status="PASS">
          <reporter-output>
          </reporter-output>
        </test-method> <!-- navigateToYouTube -->
        <test-method signature="testCase03()[pri:0, instance:demo.TestCases@42e3ede4]" started-at="2026-01-28T19:45:42Z" name="testCase03" finished-at="2026-01-28T19:45:48Z" duration-ms="5664" status="PASS">
          <reporter-output>
          </reporter-output>
        </test-method> <!-- testCase03 -->
        <test-method is-config="true" signature="navigateToYouTube()[pri:0, instance:demo.TestCases@42e3ede4]" started-at="2026-01-28T19:45:48Z" name="navigateToYouTube" finished-at="2026-01-28T19:45:49Z" duration-ms="1300" status="PASS">
          <reporter-output>
          </reporter-output>
        </test-method> <!-- navigateToYouTube -->
        <test-method signature="testCase04()[pri:0, instance:demo.TestCases@42e3ede4]" started-at="2026-01-28T19:45:49Z" name="testCase04" finished-at="2026-01-28T19:46:03Z" duration-ms="13451" status="PASS">
          <reporter-output>
          </reporter-output>
        </test-method> <!-- testCase04 -->
        <test-method is-config="true" signature="endTest()[pri:0, instance:demo.TestCases@42e3ede4]" started-at="2026-01-28T19:46:03Z" name="endTest" finished-at="2026-01-28T19:46:04Z" duration-ms="620" status="PASS">
          <reporter-output>
          </reporter-output>
        </test-method> <!-- endTest -->
      </class> <!-- demo.TestCases -->
    </test> <!-- Test Cases for Buildout -->
  </suite> <!-- XML_SUITE_CONFIRMED -->
</testng-results>
